2022-01-17 12:18:30,954:INFO:Initializing load_model()
2022-01-17 12:18:30,955:INFO:load_model(model_name=model, platform=None, authentication=None, verbose=True)
2022-01-17 12:23:40,039:INFO:Initializing load_model()
2022-01-17 12:23:40,040:INFO:load_model(model_name=model, platform=None, authentication=None, verbose=True)
2022-01-17 12:23:40,784:INFO:Initializing load_model()
2022-01-17 12:23:40,786:INFO:load_model(model_name=model, platform=None, authentication=None, verbose=True)
2022-01-17 12:23:54,467:INFO:Initializing load_model()
2022-01-17 12:23:54,467:INFO:load_model(model_name=model, platform=None, authentication=None, verbose=True)
2022-01-17 12:23:58,338:INFO:Initializing load_model()
2022-01-17 12:23:58,338:INFO:load_model(model_name=model, platform=None, authentication=None, verbose=True)
2022-01-17 12:23:58,504:INFO:Initializing predict_model()
2022-01-17 12:23:58,504:INFO:predict_model(estimator=Pipeline(steps=[('dtypes',
                 DataTypes_Auto_infer(ml_usecase='classification',
                                      numerical_features=['yearsAtCompany'],
                                      target='turnover')),
                ('imputer',
                 Simple_Imputer(categorical_strategy='not_available',
                                fill_value_categorical=None,
                                fill_value_numerical=None,
                                numeric_strategy='mean',
                                target_variable=None)),
                ('new_levels1',
                 New_Catagorical_Levels_in_TestData(rep...
                ('P_transform', 'passthrough'), ('binn', 'passthrough'),
                ('rem_outliers', 'passthrough'), ('cluster_all', 'passthrough'),
                ('dummy', Dummify(target='turnover')),
                ('fix_perfect', Remove_100(target='turnover')),
                ('clean_names', Clean_Colum_Names()),
                ('feature_select', 'passthrough'), ('fix_multi', 'passthrough'),
                ('dfs', 'passthrough'), ('pca', 'passthrough'),
                ['trained_model',
                 GradientBoostingClassifier(random_state=597)]]), probability_threshold=None, encoded_labels=False, drift_report=False, raw_score=False, round=4, verbose=True, ml_usecase=MLUsecase.CLASSIFICATION, display=None)
2022-01-17 12:23:58,507:INFO:Checking exceptions
2022-01-17 12:23:58,508:INFO:Preloading libraries
2022-01-17 12:28:10,941:INFO:Initializing load_model()
2022-01-17 12:28:10,941:INFO:load_model(model_name=model, platform=None, authentication=None, verbose=True)
2022-01-17 12:28:15,290:INFO:Initializing load_model()
2022-01-17 12:28:15,290:INFO:load_model(model_name=model, platform=None, authentication=None, verbose=True)
2022-01-17 12:28:15,435:INFO:Initializing predict_model()
2022-01-17 12:28:15,435:INFO:predict_model(estimator=Pipeline(steps=[('dtypes',
                 DataTypes_Auto_infer(ml_usecase='classification',
                                      numerical_features=['yearsAtCompany'],
                                      target='turnover')),
                ('imputer',
                 Simple_Imputer(categorical_strategy='not_available',
                                fill_value_categorical=None,
                                fill_value_numerical=None,
                                numeric_strategy='mean',
                                target_variable=None)),
                ('new_levels1',
                 New_Catagorical_Levels_in_TestData(rep...
                ('P_transform', 'passthrough'), ('binn', 'passthrough'),
                ('rem_outliers', 'passthrough'), ('cluster_all', 'passthrough'),
                ('dummy', Dummify(target='turnover')),
                ('fix_perfect', Remove_100(target='turnover')),
                ('clean_names', Clean_Colum_Names()),
                ('feature_select', 'passthrough'), ('fix_multi', 'passthrough'),
                ('dfs', 'passthrough'), ('pca', 'passthrough'),
                ['trained_model',
                 GradientBoostingClassifier(random_state=597)]]), probability_threshold=None, encoded_labels=False, drift_report=False, raw_score=False, round=4, verbose=True, ml_usecase=MLUsecase.CLASSIFICATION, display=None)
2022-01-17 12:28:15,440:INFO:Checking exceptions
2022-01-17 12:28:15,440:INFO:Preloading libraries
2022-01-17 12:28:31,948:INFO:Initializing load_model()
2022-01-17 12:28:31,948:INFO:load_model(model_name=model, platform=None, authentication=None, verbose=True)
2022-01-17 12:28:33,324:INFO:Initializing load_model()
2022-01-17 12:28:33,324:INFO:load_model(model_name=model, platform=None, authentication=None, verbose=True)
2022-01-17 12:28:37,473:INFO:Initializing load_model()
2022-01-17 12:28:37,474:INFO:load_model(model_name=model, platform=None, authentication=None, verbose=True)
2022-01-17 12:28:40,899:INFO:Initializing load_model()
2022-01-17 12:28:40,900:INFO:load_model(model_name=model, platform=None, authentication=None, verbose=True)
2022-01-17 12:28:41,003:INFO:Initializing predict_model()
2022-01-17 12:28:41,005:INFO:predict_model(estimator=Pipeline(steps=[('dtypes',
                 DataTypes_Auto_infer(ml_usecase='classification',
                                      numerical_features=['yearsAtCompany'],
                                      target='turnover')),
                ('imputer',
                 Simple_Imputer(categorical_strategy='not_available',
                                fill_value_categorical=None,
                                fill_value_numerical=None,
                                numeric_strategy='mean',
                                target_variable=None)),
                ('new_levels1',
                 New_Catagorical_Levels_in_TestData(rep...
                ('P_transform', 'passthrough'), ('binn', 'passthrough'),
                ('rem_outliers', 'passthrough'), ('cluster_all', 'passthrough'),
                ('dummy', Dummify(target='turnover')),
                ('fix_perfect', Remove_100(target='turnover')),
                ('clean_names', Clean_Colum_Names()),
                ('feature_select', 'passthrough'), ('fix_multi', 'passthrough'),
                ('dfs', 'passthrough'), ('pca', 'passthrough'),
                ['trained_model',
                 GradientBoostingClassifier(random_state=597)]]), probability_threshold=None, encoded_labels=False, drift_report=False, raw_score=False, round=4, verbose=True, ml_usecase=MLUsecase.CLASSIFICATION, display=None)
2022-01-17 12:28:41,006:INFO:Checking exceptions
2022-01-17 12:28:41,007:INFO:Preloading libraries
2022-01-17 12:29:57,026:INFO:Initializing load_model()
2022-01-17 12:29:57,027:INFO:load_model(model_name=model, platform=None, authentication=None, verbose=True)
2022-01-17 12:30:01,469:INFO:Initializing load_model()
2022-01-17 12:30:01,469:INFO:load_model(model_name=model, platform=None, authentication=None, verbose=True)
2022-01-17 12:30:01,615:INFO:Initializing predict_model()
2022-01-17 12:30:01,616:INFO:predict_model(estimator=Pipeline(steps=[('dtypes',
                 DataTypes_Auto_infer(ml_usecase='classification',
                                      numerical_features=['yearsAtCompany'],
                                      target='turnover')),
                ('imputer',
                 Simple_Imputer(categorical_strategy='not_available',
                                fill_value_categorical=None,
                                fill_value_numerical=None,
                                numeric_strategy='mean',
                                target_variable=None)),
                ('new_levels1',
                 New_Catagorical_Levels_in_TestData(rep...
                ('P_transform', 'passthrough'), ('binn', 'passthrough'),
                ('rem_outliers', 'passthrough'), ('cluster_all', 'passthrough'),
                ('dummy', Dummify(target='turnover')),
                ('fix_perfect', Remove_100(target='turnover')),
                ('clean_names', Clean_Colum_Names()),
                ('feature_select', 'passthrough'), ('fix_multi', 'passthrough'),
                ('dfs', 'passthrough'), ('pca', 'passthrough'),
                ['trained_model',
                 GradientBoostingClassifier(random_state=597)]]), probability_threshold=None, encoded_labels=False, drift_report=False, raw_score=False, round=4, verbose=True, ml_usecase=MLUsecase.CLASSIFICATION, display=None)
2022-01-17 12:30:01,618:INFO:Checking exceptions
2022-01-17 12:30:01,621:INFO:Preloading libraries
